C51 COMPILER V9.60.0.0   INIT                                                              05/28/2023 16:32:19 PAGE 1   


C51 COMPILER V9.60.0.0, COMPILATION OF MODULE INIT
OBJECT MODULE PLACED IN .\Objects\Init.obj
COMPILER INVOKED BY: D:\Keil\C51\BIN\C51.EXE User\src\Init.c OPTIMIZE(8,SPEED) BROWSE INCDIR(.\User\inc;.\STC8Ax_LIB\cor
                    -e;.\STC8Ax_LIB\inc) DEBUG OBJECTEXTEND PRINT(.\Listings\Init.lst) OBJECT(.\Objects\Init.obj)

line level    source

   1          /*-------------------------------------------------------------------
   2          /*      (C) Copyright 2023, PSYM. All Rights Reserved 
   3          /*-------------------------------------------------------------------
   4          /* File name   : init.c
   5          /* Description : 
   6          /* Author      : PSYM
   7          /*-------------------------------------------------------------------
   8          /* Update note:
   9          /* -----------   -----------   --------------------------------------
  10          /*    Date         Author                       Note
  11          /* -----------   -----------   --------------------------------------
  12          /* 2023-05-23,     psym
  13          /*   16:57
  14          **/
  15          
  16          /* 包含头文件 -------------------------------------------------------*/
  17          #include "Init.h"
  18          #include "STC8Ax_GPIO.h"
  19          
  20          /* 私有类型定义 -----------------------------------------------------*/
  21          /* None. */
  22          
  23          /* 私有宏定义 -------------------------------------------------------*/
  24          /* None. */
  25          
  26          /* 私有变量 ---------------------------------------------------------*/
  27          /* None. */
  28          
  29          /* 扩展变量 ---------------------------------------------------------*/
  30          /* None. */
  31          
  32          /* 私有函数原形 -----------------------------------------------------*/
  33          /* None. */
  34          
  35          /* 函数体 -----------------------------------------------------------*/
  36          
  37          /* 第一区 初始化单片机 */
  38          /**
  39           * 功能：初始化单片机引脚
  40           * 参数：None
  41           * 返回：None
  42           * 说明：初始化P1 P2 P5引脚
  43           */
  44          void System_Init()
  45          {
  46   1          // 将P6所有引脚配置为推挽输出模式
  47   1          GPIO_Init(GPIO_P6, Pin_All, GPIO_MODE_OUT_PP);
  48   1      
  49   1          // 将P7所有引脚配置为推挽输出模式
  50   1          GPIO_Init(GPIO_P7, Pin_All, GPIO_MODE_OUT_PP);
  51   1      
  52   1          // 将P5引脚配置为浮空输入模式
  53   1          GPIO_Init(GPIO_P5, Pin_Low, GPIO_MODE_IN_FLOATING);
  54   1      }
C51 COMPILER V9.60.0.0   INIT                                                              05/28/2023 16:32:19 PAGE 2   

  55          
  56          /* 第二区 初始化外围 */
  57          /**
  58           * 功能：初始化定时器
  59           * 参数：None
  60           * 返回：None
  61           * 说明：
  62           */
  63          void Peripheral_Init() // 初始化外围
  64          {
  65   1          AUXR &= 0x7F; // 定时器时钟12T模式
  66   1          EA = 1; // 开总中断
  67   1      }
  68          
  69          /*>>>>>>>>>> (C) COPYRIGHT PSYM <<<<<< >>>>>> END OF FILE <<<<<<<<<<*/


MODULE INFORMATION:   STATIC OVERLAYABLE
   CODE SIZE        =     25    ----
   CONSTANT SIZE    =   ----    ----
   XDATA SIZE       =   ----    ----
   PDATA SIZE       =   ----    ----
   DATA SIZE        =   ----    ----
   IDATA SIZE       =   ----    ----
   BIT SIZE         =   ----    ----
END OF MODULE INFORMATION.


C51 COMPILATION COMPLETE.  0 WARNING(S),  0 ERROR(S)
