C51 COMPILER V9.60.0.0   LED                                                               05/28/2023 16:32:19 PAGE 1   


C51 COMPILER V9.60.0.0, COMPILATION OF MODULE LED
OBJECT MODULE PLACED IN .\Objects\LED.obj
COMPILER INVOKED BY: D:\Keil\C51\BIN\C51.EXE User\src\LED.c OPTIMIZE(8,SPEED) BROWSE INCDIR(.\User\inc;.\STC8Ax_LIB\core
                    -;.\STC8Ax_LIB\inc) DEBUG OBJECTEXTEND PRINT(.\Listings\LED.lst) OBJECT(.\Objects\LED.obj)

line level    source

   1          /*-------------------------------------------------------------------
   2          /*      (C) Copyright 2023, PSYM. All Rights Reserved
   3          /*-------------------------------------------------------------------
   4          /* File name   : LED.c
   5          /* Description :
   6          /* Author      : PSYM
   7          /*-------------------------------------------------------------------
   8          /* Update note:
   9          /* -----------   -----------   --------------------------------------
  10          /*    Date         Author                       Note
  11          /* -----------   -----------   --------------------------------------
  12          /* 2023-05-23,     psym
  13          /*   17:04
  14          **/
  15          
  16          /* 包含头文件 -------------------------------------------------------*/
  17          #include "LED.h"
  18          
  19          /* 私有类型定义 -----------------------------------------------------*/
  20          /* None. */
  21          
  22          /* 私有宏定义 -------------------------------------------------------*/
  23          #define LED8X_COL P6 // 8x8点阵屏列扫描端口
  24          #define LED8X_ROW P7 // 8x8点阵屏行扫描端口
  25          
  26          /* 私有变量 ---------------------------------------------------------*/
  27          code uint8 IMAGES[][8] = {
  28              {0x00, 0x00, 0x00, 0x00, 0x00, 0x00, 0x00, 0x00},
  29              {0x00, 0x80, 0x80, 0x80, 0x80, 0x80, 0x80, 0x00},
  30              {0x00, 0x40, 0x40, 0x40, 0xc0, 0x40, 0x40, 0x00},
  31              {0x00, 0x20, 0x20, 0x20, 0xe0, 0x20, 0x20, 0x00},
  32              {0x00, 0x90, 0x90, 0x90, 0xf0, 0x90, 0x90, 0x00},
  33              {0x00, 0x48, 0x48, 0x48, 0x78, 0x48, 0x48, 0x00},
  34              {0x00, 0x24, 0x24, 0x24, 0x3c, 0x24, 0x24, 0x00},
  35              {0x00, 0xa4, 0x24, 0x24, 0x3c, 0x24, 0xa4, 0x00},
  36              {0x00, 0xd2, 0x92, 0x92, 0x9e, 0x92, 0xd2, 0x00},
  37              {0x00, 0xe9, 0x49, 0x49, 0xcf, 0x49, 0xe9, 0x00},
  38              {0x00, 0xf4, 0x24, 0x24, 0xe7, 0x24, 0xf4, 0x00},
  39              {0x00, 0xfa, 0x12, 0x12, 0xf3, 0x12, 0xfa, 0x00},
  40              {0x00, 0x7d, 0x09, 0x09, 0x79, 0x09, 0x7d, 0x00},
  41              {0x00, 0xbe, 0x84, 0x84, 0xbc, 0x84, 0xbe, 0x00},
  42              {0x00, 0xde, 0x42, 0x42, 0x5e, 0x42, 0x5e, 0x00},
  43              {0x00, 0xef, 0x21, 0x21, 0x2f, 0x21, 0x2f, 0x00},
  44              {0x00, 0xf7, 0x10, 0x10, 0x17, 0x10, 0x17, 0x00},
  45              {0x00, 0x7b, 0x88, 0x08, 0x0b, 0x08, 0x0b, 0x00},
  46              {0x00, 0x3c, 0x44, 0x04, 0x04, 0x04, 0x04, 0x00},
  47              {0x00, 0x9e, 0xa2, 0x82, 0x82, 0x82, 0x82, 0x00},
  48              {0x00, 0xcf, 0x51, 0x41, 0x41, 0x41, 0x41, 0x00},
  49              {0x00, 0xe7, 0x28, 0x20, 0x20, 0x20, 0x20, 0x00},
  50              {0x00, 0xf3, 0x14, 0x10, 0x10, 0x10, 0x10, 0x00},
  51              {0x00, 0x79, 0x8a, 0x08, 0x08, 0x08, 0x08, 0x00},
  52              {0x00, 0x3c, 0x45, 0x04, 0x04, 0x04, 0x04, 0x00},
  53              {0x00, 0x1e, 0xa2, 0x82, 0x82, 0x82, 0x02, 0x00},
  54              {0x00, 0x8f, 0x51, 0x41, 0x41, 0x41, 0x81, 0x00},
C51 COMPILER V9.60.0.0   LED                                                               05/28/2023 16:32:19 PAGE 2   

  55              {0x00, 0xc7, 0x28, 0x20, 0x20, 0x20, 0xc0, 0x00},
  56              {0x00, 0xe3, 0x14, 0x10, 0x10, 0x10, 0xe0, 0x00},
  57              {0x00, 0x71, 0x8a, 0x88, 0x88, 0x88, 0x70, 0x00},
  58              {0x00, 0x38, 0x45, 0x44, 0x44, 0x44, 0x38, 0x00},
  59              {0x00, 0x1c, 0x22, 0x22, 0x22, 0x22, 0x1c, 0x00},
  60              {0x00, 0x0e, 0x11, 0x11, 0x11, 0x11, 0x0e, 0x00},
  61              {0x00, 0x07, 0x08, 0x08, 0x08, 0x08, 0x07, 0x00},
  62              {0x00, 0x03, 0x04, 0x04, 0x04, 0x04, 0x03, 0x00},
  63              {0x00, 0x01, 0x02, 0x02, 0x02, 0x02, 0x01, 0x00},
  64              {0x00, 0x00, 0x01, 0x01, 0x01, 0x01, 0x00, 0x00},
  65              {0x00, 0x00, 0x00, 0x00, 0x00, 0x00, 0x00, 0x00},
  66              {0x00, 0x00, 0x00, 0x00, 0x00, 0x00, 0x80, 0x00},
  67              {0x00, 0x00, 0x00, 0x00, 0x80, 0x80, 0xc0, 0x00},
  68              {0x00, 0x00, 0x80, 0x80, 0xc0, 0x40, 0x60, 0x00},
  69              {0x00, 0x80, 0x40, 0x40, 0x60, 0x20, 0x30, 0x00},
  70              {0x00, 0xc0, 0xa0, 0xa0, 0x30, 0x10, 0x18, 0x00},
  71              {0x00, 0x60, 0x50, 0xd0, 0x98, 0x88, 0x0c, 0x00},
  72              {0x00, 0x30, 0x28, 0xe8, 0xcc, 0xc4, 0x06, 0x00},
  73              {0x00, 0x98, 0x94, 0xf4, 0x66, 0x62, 0x03, 0x00},
  74              {0x00, 0xcc, 0x4a, 0x7a, 0x33, 0x31, 0x01, 0x00},
  75              {0x00, 0x66, 0xa5, 0xbd, 0x99, 0x18, 0x00, 0x00},
  76              {0x00, 0x33, 0x52, 0x5e, 0xcc, 0x8c, 0x80, 0x00},
  77              {0x00, 0x19, 0x29, 0x2f, 0x66, 0x46, 0xc0, 0x00},
  78              {0x00, 0x0c, 0x14, 0x17, 0x33, 0x23, 0x60, 0x00},
  79              {0x00, 0x06, 0x8a, 0x8b, 0x99, 0x91, 0x30, 0x00},
  80              {0x00, 0x83, 0x45, 0x45, 0x4c, 0x48, 0x98, 0x00},
  81              {0x00, 0xc1, 0x22, 0x22, 0x26, 0x24, 0xcc, 0x00},
  82              {0x00, 0xe0, 0x11, 0x11, 0x13, 0x12, 0xe6, 0x00},
  83              {0x00, 0x70, 0x88, 0x88, 0x89, 0x89, 0x73, 0x00},
  84              {0x00, 0x38, 0x44, 0x44, 0x44, 0x44, 0x39, 0x00},
  85              {0x00, 0x9c, 0x22, 0x22, 0x22, 0x22, 0x9c, 0x00},
  86              {0x00, 0xce, 0x91, 0x91, 0x91, 0x91, 0xce, 0x00},
  87              {0x00, 0xe7, 0x48, 0xc8, 0x48, 0x48, 0xe7, 0x00},
  88              {0x00, 0x73, 0x24, 0xe4, 0x24, 0x24, 0xf3, 0x00},
  89              {0x00, 0x39, 0x12, 0xf2, 0x92, 0x12, 0xf9, 0x00},
  90              {0x00, 0x9c, 0x89, 0xf9, 0x49, 0x89, 0x7c, 0x00},
  91              {0x00, 0xce, 0x44, 0x7c, 0x24, 0x44, 0x3e, 0x00},
  92              {0x00, 0x67, 0x22, 0x3e, 0x12, 0x22, 0x1f, 0x00},
  93              {0x00, 0xb3, 0x91, 0x9f, 0x89, 0x91, 0x8f, 0x00},
  94              {0x00, 0xd9, 0x48, 0x4f, 0x44, 0x48, 0x47, 0x00},
  95              {0x00, 0xec, 0x24, 0x27, 0x22, 0x24, 0x23, 0x00},
  96              {0x00, 0xf6, 0x12, 0x13, 0x11, 0x12, 0x11, 0x00},
  97              {0x00, 0x7b, 0x89, 0x09, 0x08, 0x09, 0x08, 0x00},
  98              {0x00, 0x3d, 0x44, 0x04, 0x04, 0x04, 0x04, 0x00},
  99              {0x00, 0x9e, 0x22, 0x02, 0x02, 0x02, 0x82, 0x00},
 100              {0x00, 0xcf, 0x91, 0x81, 0x81, 0x81, 0xc1, 0x00},
 101              {0x00, 0xe7, 0x48, 0x40, 0x40, 0x40, 0xe0, 0x00},
 102              {0x00, 0xf3, 0x24, 0x20, 0x20, 0x20, 0xf0, 0x00},
 103              {0x00, 0x79, 0x92, 0x90, 0x90, 0x90, 0x78, 0x00},
 104              {0x00, 0x3c, 0x49, 0x48, 0x48, 0x48, 0x3c, 0x00},
 105              {0x00, 0x1e, 0x24, 0x24, 0x24, 0x24, 0x1e, 0x00},
 106              {0x00, 0x0f, 0x12, 0x12, 0x12, 0x12, 0x0f, 0x00},
 107              {0x00, 0x07, 0x09, 0x09, 0x09, 0x09, 0x07, 0x00},
 108              {0x00, 0x03, 0x04, 0x04, 0x04, 0x04, 0x03, 0x00},
 109              {0x00, 0x01, 0x02, 0x02, 0x02, 0x02, 0x01, 0x00},
 110              {0x00, 0x00, 0x01, 0x01, 0x01, 0x01, 0x00, 0x00},
 111              {0x00, 0x00, 0x00, 0x00, 0x00, 0x00, 0x00, 0x00},
 112          };
 113          const int IMAGES_LEN = sizeof(IMAGES)/8;
 114          
 115          code uint8 IMAGES1[][8] =
 116          {
C51 COMPILER V9.60.0.0   LED                                                               05/28/2023 16:32:19 PAGE 3   

 117              {0x66, 0x66, 0x66, 0x7e, 0x66, 0x66, 0x66, 0x00},
 118              {0x7e, 0x06, 0x06, 0x3e, 0x06, 0x06, 0x7e, 0x00},
 119              {0x7e, 0x06, 0x06, 0x06, 0x06, 0x06, 0x06, 0x00},
 120              {0x7e, 0x06, 0x06, 0x06, 0x06, 0x06, 0x06, 0x00},
 121              {0x3c, 0x66, 0x66, 0x66, 0x66, 0x66, 0x3c, 0x00},
 122              {0xc6, 0xee, 0xfe, 0xd6, 0xc6, 0xc6, 0xc6, 0x00},
 123              {0x3c, 0x66, 0x66, 0x66, 0x66, 0x66, 0x3c, 0x00},
 124              {0x66, 0x36, 0x1e, 0x3e, 0x66, 0x66, 0x3e, 0x00},
 125              {0x7e, 0x06, 0x06, 0x06, 0x06, 0x06, 0x06, 0x00},
 126              {0x3e, 0x66, 0x66, 0x66, 0x66, 0x66, 0x3e, 0x00},
 127          };
 128          const int IMAGES1_LEN = sizeof(IMAGES1)/8;
 129          
 130          uint8 index;
 131          
 132          /* 扩展变量 ---------------------------------------------------------*/
 133          /* None. */
 134          
 135          /* 私有函数原形 -----------------------------------------------------*/
 136          /* None. */
 137          
 138          /* 函数体 -----------------------------------------------------------*/
 139          
 140          /**
 141           * @brief  LED8X8点阵屏显示
 142           * @param  column: 列号
 143           * @retval None
 144           * @note   None
 145           */
 146          void LED(uint8 column)
 147          {
 148   1          for (index = 0; index < 8; index++)
 149   1          {
 150   2              LED8X_ROW = 0xFF; // 消影
 151   2              LED8X_COL = IMAGES[column][index];
 152   2              LED8X_ROW = _crol_(0xFE, index); // 列扫描
 153   2              Delay_ms(2);
 154   2          }
 155   1      }
 156          
 157          void LED1(uint8 column)
 158          {
 159   1          for (index = 0; index < 8; index++)
 160   1          {
 161   2              LED8X_ROW = 0xFF; // 消影
 162   2              LED8X_COL = IMAGES1[column][index];
 163   2              LED8X_ROW = _crol_(0xFE, index); // 列扫描
 164   2              Delay_ms(2);
 165   2          }
 166   1      }
 167          /*>>>>>>>>>> (C) COPYRIGHT PSYM <<<<<< >>>>>> END OF FILE <<<<<<<<<<*/


MODULE INFORMATION:   STATIC OVERLAYABLE
   CODE SIZE        =    149    ----
   CONSTANT SIZE    =    752    ----
   XDATA SIZE       =   ----    ----
   PDATA SIZE       =   ----    ----
   DATA SIZE        =      5       2
   IDATA SIZE       =   ----    ----
   BIT SIZE         =   ----    ----
END OF MODULE INFORMATION.

C51 COMPILER V9.60.0.0   LED                                                               05/28/2023 16:32:19 PAGE 4   


C51 COMPILATION COMPLETE.  0 WARNING(S),  0 ERROR(S)
