C51 COMPILER V9.60.0.0   MAIN                                                              05/28/2023 16:32:19 PAGE 1   


C51 COMPILER V9.60.0.0, COMPILATION OF MODULE MAIN
OBJECT MODULE PLACED IN .\Objects\main.obj
COMPILER INVOKED BY: D:\Keil\C51\BIN\C51.EXE User\main.c OPTIMIZE(8,SPEED) BROWSE INCDIR(.\User\inc;.\STC8Ax_LIB\core;.\
                    -STC8Ax_LIB\inc) DEBUG OBJECTEXTEND PRINT(.\Listings\main.lst) OBJECT(.\Objects\main.obj)

line level    source

   1          /*-------------------------------------------------------------------
   2          /*      (C) Copyright 2023, PSYM. All Rights Reserved 
   3          /*-------------------------------------------------------------------
   4          /* File name   : main.c
   5          /* Description : 
   6          /* Author      : PSYM
   7          /*-------------------------------------------------------------------
   8          /* Update note:
   9          /* -----------   -----------   --------------------------------------
  10          /*    Date         Author                       Note
  11          /* -----------   -----------   --------------------------------------
  12          /* 2023-05-23,     psym
  13          /*   16:48
  14          **/
  15          
  16          /* 包含头文件 -------------------------------------------------------*/
  17          #include "main.h"
  18          #include "STC8Ax_DELAY.h"
  19          #include "STC8Ax_REG.h"
  20          
  21          /* 私有类型定义 -----------------------------------------------------*/
  22          /* None. */
  23          
  24          /* 私有宏定义 -------------------------------------------------------*/
  25          /* None. */
  26          
  27          /* 私有变量 ---------------------------------------------------------*/
  28          /* None. */
  29          
  30          /* 扩展变量 ---------------------------------------------------------*/
  31          /* None. */
  32          
  33          /* 私有函数原形 -----------------------------------------------------*/
  34          /* None. */
  35          
  36          /* 函数体 -----------------------------------------------------------*/
  37          /*
  38           * 功能: 
  39           * 参数: None
  40           * 返回: None
  41           * 说明: None
  42           */
  43          void main()
  44          {
  45   1              uint8 i = 0;
  46   1              uint8 j = 0;
  47   1          System_Init();
  48   1          //Peripheral_Init();
  49   1          while (1)
  50   1          {
  51   2              for (i = 0; i < IMAGES_LEN; i++)
  52   2              {
  53   3                  for (j = 0; j < 25; j++)
  54   3                  {
C51 COMPILER V9.60.0.0   MAIN                                                              05/28/2023 16:32:19 PAGE 2   

  55   4                      LED(i);
  56   4                  }
  57   3              }
  58   2      
  59   2                      for (i = 0; i < IMAGES1_LEN; i++)
  60   2              {
  61   3                  for (j = 0; j < 50; j++)
  62   3                  {
  63   4                      LED1(i);
  64   4                  }
  65   3                              P7 = 0x00;
  66   3                              Delay_ms(50);
  67   3              }
  68   2          }
  69   1      }
  70          /*>>>>>>>>>> (C) COPYRIGHT PSYM <<<<<< >>>>>> END OF FILE <<<<<<<<<<*/


MODULE INFORMATION:   STATIC OVERLAYABLE
   CODE SIZE        =    107    ----
   CONSTANT SIZE    =   ----    ----
   XDATA SIZE       =   ----    ----
   PDATA SIZE       =   ----    ----
   DATA SIZE        =   ----       2
   IDATA SIZE       =   ----    ----
   BIT SIZE         =   ----    ----
END OF MODULE INFORMATION.


C51 COMPILATION COMPLETE.  0 WARNING(S),  0 ERROR(S)
